<?xml version="1.0" encoding="UTF-8"?>
<coverage generated="1651392631280" clover="3.2.0">
  <project timestamp="1651392631280" name="All files">
    <metrics statements="29" coveredstatements="29" conditionals="12" coveredconditionals="10" methods="2" coveredmethods="2" elements="43" coveredelements="41" complexity="0" loc="29" ncloc="29" packages="1" files="1" classes="1"/>
    <file name="allocation.js" path="/Users/nigelng/Challenge/src/allocation.js">
      <metrics statements="29" coveredstatements="29" conditionals="12" coveredconditionals="10" methods="2" coveredmethods="2"/>
      <line num="2" count="11" type="stmt"/>
      <line num="3" count="11" type="stmt"/>
      <line num="4" count="11" type="stmt"/>
      <line num="5" count="11" type="stmt"/>
      <line num="6" count="11" type="stmt"/>
      <line num="8" count="11" type="stmt"/>
      <line num="9" count="1261" type="cond" truecount="2" falsecount="0"/>
      <line num="10" count="1217" type="stmt"/>
      <line num="11" count="1217" type="stmt"/>
      <line num="12" count="1217" type="stmt"/>
      <line num="13" count="44" type="cond" truecount="1" falsecount="1"/>
      <line num="14" count="44" type="stmt"/>
      <line num="15" count="44" type="stmt"/>
      <line num="16" count="44" type="stmt"/>
      <line num="19" count="1261" type="cond" truecount="2" falsecount="0"/>
      <line num="20" count="1250" type="stmt"/>
      <line num="21" count="11" type="stmt"/>
      <line num="22" count="11" type="stmt"/>
      <line num="23" count="11" type="stmt"/>
      <line num="26" count="1250" type="cond" truecount="2" falsecount="0"/>
      <line num="27" count="1231" type="cond" truecount="2" falsecount="0"/>
      <line num="28" count="3" type="stmt"/>
      <line num="29" count="3" type="stmt"/>
      <line num="31" count="1228" type="stmt"/>
      <line num="33" count="19" type="cond" truecount="1" falsecount="1"/>
      <line num="34" count="19" type="stmt"/>
      <line num="37" count="1250" type="stmt"/>
      <line num="38" count="1250" type="stmt"/>
      <line num="44" count="1" type="stmt"/>
    </file>
  </project>
</coverage>
