TN:
SF:src/allocation.js
FN:1,allocateRandomAngPao
FN:20,(anonymous_1)
FNF:2
FNH:2
FNDA:11,allocateRandomAngPao
FNDA:1250,(anonymous_1)
DA:2,11
DA:3,11
DA:4,11
DA:5,11
DA:6,11
DA:8,11
DA:9,1261
DA:10,1217
DA:11,1217
DA:12,1217
DA:13,44
DA:14,44
DA:15,44
DA:16,44
DA:19,1261
DA:20,1250
DA:21,11
DA:22,11
DA:23,11
DA:26,1250
DA:27,1231
DA:28,3
DA:29,3
DA:31,1228
DA:33,19
DA:34,19
DA:37,1250
DA:38,1250
DA:44,1
LF:29
LH:29
BRDA:9,0,0,1217
BRDA:9,0,1,44
BRDA:13,1,0,44
BRDA:13,1,1,0
BRDA:19,2,0,11
BRDA:19,2,1,1250
BRDA:26,3,0,1231
BRDA:26,3,1,19
BRDA:27,4,0,3
BRDA:27,4,1,1228
BRDA:33,5,0,19
BRDA:33,5,1,0
BRF:12
BRH:10
end_of_record
